<?xml version="1.0" encoding="UTF-8"?>
<testng-results ignored="0" total="1" passed="1" failed="0" skipped="0">
  <reporter-output>
  </reporter-output>
  <suite started-at="2023-06-20T16:58:52 IST" name="Default suite" finished-at="2023-06-20T16:59:06 IST" duration-ms="13910">
    <groups>
    </groups>
    <test started-at="2023-06-20T16:58:52 IST" name="Default test" finished-at="2023-06-20T16:59:06 IST" duration-ms="13910">
      <class name="Script.AddToWishList">
        <test-method is-config="true" signature="OpenApp()[pri:0, instance:Script.AddToWishList@6fdbe764]" started-at="2023-06-20T16:58:52 IST" name="OpenApp" finished-at="2023-06-20T16:58:59 IST" duration-ms="6668" status="PASS">
          <reporter-output>
          </reporter-output>
        </test-method> <!-- OpenApp -->
        <test-method signature="TC1()[pri:0, instance:Script.AddToWishList@6fdbe764]" started-at="2023-06-20T16:58:59 IST" name="TC1" finished-at="2023-06-20T16:59:06 IST" duration-ms="7169" status="PASS">
          <reporter-output>
          </reporter-output>
        </test-method> <!-- TC1 -->
      </class> <!-- Script.AddToWishList -->
    </test> <!-- Default test -->
  </suite> <!-- Default suite -->
</testng-results>
