<?xml version="1.0" encoding="UTF-8"?>
<testng-results ignored="0" total="1" passed="1" failed="0" skipped="0">
  <reporter-output>
  </reporter-output>
  <suite started-at="2023-06-21T19:43:29 IST" name="Default suite" finished-at="2023-06-21T19:43:46 IST" duration-ms="16450">
    <groups>
    </groups>
    <test started-at="2023-06-21T19:43:29 IST" name="Default test" finished-at="2023-06-21T19:43:46 IST" duration-ms="16450">
      <class name="TC1">
        <test-method is-config="true" signature="OpenApp()[pri:0, instance:TC1@52719fb6]" started-at="2023-06-21T19:43:29 IST" name="OpenApp" finished-at="2023-06-21T19:43:35 IST" duration-ms="5213" status="PASS">
          <reporter-output>
          </reporter-output>
        </test-method> <!-- OpenApp -->
        <test-method signature="TC()[pri:0, instance:TC1@52719fb6]" started-at="2023-06-21T19:43:35 IST" name="TC" finished-at="2023-06-21T19:43:46 IST" duration-ms="10954" status="PASS">
          <reporter-output>
          </reporter-output>
        </test-method> <!-- TC -->
        <test-method is-config="true" signature="CloseApp(org.testng.ITestResult)[pri:0, instance:TC1@52719fb6]" started-at="2023-06-21T19:43:46 IST" name="CloseApp" finished-at="2023-06-21T19:43:46 IST" duration-ms="233" status="PASS">
          <params>
            <param index="0">
              <value>
                <![CDATA[[TestResult name=TC status=SUCCESS method=TC1.TC()[pri:0, instance:TC1@52719fb6] output={null}]]]>
              </value>
            </param>
          </params>
          <reporter-output>
          </reporter-output>
        </test-method> <!-- CloseApp -->
      </class> <!-- TC1 -->
    </test> <!-- Default test -->
  </suite> <!-- Default suite -->
</testng-results>
